\BOOKMARK [1][-]{section.1}{\376\377\004\037\004\076\004\101\004\102\004\060\004\075\004\076\004\062\004\072\004\060\000\040\004\067\004\060\004\064\004\060\004\107\004\070}{}% 1
\BOOKMARK [2][-]{subsection.1.1}{\376\377\004\027\004\060\004\064\004\060\004\075\004\070\004\065\000\040\0001}{section.1}% 2
\BOOKMARK [2][-]{subsection.1.2}{\376\377\004\027\004\060\004\064\004\060\004\075\004\070\004\065\000\040\0002}{section.1}% 3
\BOOKMARK [2][-]{subsection.1.3}{\376\377\004\027\004\060\004\064\004\060\004\075\004\070\004\065\000\040\0003}{section.1}% 4
\BOOKMARK [2][-]{subsection.1.4}{\376\377\004\027\004\060\004\064\004\060\004\075\004\070\004\065\000\040\0004}{section.1}% 5
\BOOKMARK [1][-]{section.2}{\376\377\004\042\004\065\004\076\004\100\004\070\004\117}{}% 6
\BOOKMARK [2][-]{subsection.2.1}{\376\377\004\040\004\060\004\101\004\077\004\100\004\065\004\064\004\065\004\073\004\065\004\075\004\070\004\117}{section.2}% 7
\BOOKMARK [2][-]{subsection.2.2}{\376\377\004\023\004\070\004\101\004\102\004\076\004\063\004\100\004\060\004\074\004\074\004\060}{section.2}% 8
\BOOKMARK [3][-]{subsubsection.2.2.1}{\376\377\004\036\004\077\004\100\004\065\004\064\004\065\004\073\004\065\004\075\004\070\004\065}{subsection.2.2}% 9
\BOOKMARK [3][-]{subsubsection.2.2.2}{\376\377\004\023\004\100\004\060\004\104\004\070\004\107\004\065\004\101\004\072\004\076\004\065\000\040\004\076\004\077\004\070\004\101\004\060\004\075\004\070\004\065}{subsection.2.2}% 10
\BOOKMARK [3][-]{subsubsection.2.2.3}{\376\377\004\030\004\101\004\077\004\076\004\073\004\114\004\067\004\076\004\062\004\060\004\075\004\070\004\065}{subsection.2.2}% 11
\BOOKMARK [2][-]{subsection.2.3}{\376\377\004\022\004\060\004\100\004\070\004\060\004\106\004\070\004\076\004\075\004\075\004\113\004\071\000\040\004\100\004\117\004\064}{section.2}% 12
\BOOKMARK [2][-]{subsection.2.4}{\376\377\004\022\004\113\004\061\004\076\004\100\004\076\004\107\004\075\004\113\004\065\000\040\004\107\004\070\004\101\004\073\004\076\004\062\004\113\004\065\000\040\004\105\004\060\004\100\004\060\004\072\004\102\004\065\004\100\004\070\004\101\004\102\004\070\004\072\004\070}{section.2}% 13
\BOOKMARK [3][-]{subsubsection.2.4.1}{\376\377\004\045\004\060\004\100\004\060\004\072\004\102\004\065\004\100\004\070\004\101\004\102\004\070\004\072\004\070\000\040\004\077\004\076\004\073\004\076\004\066\004\065\004\075\004\070\004\117}{subsection.2.4}% 14
\BOOKMARK [3][-]{subsubsection.2.4.2}{\376\377\004\045\004\060\004\100\004\060\004\072\004\102\004\065\004\100\004\070\004\101\004\102\004\070\004\072\004\070\000\040\004\100\004\060\004\101\004\101\004\065\004\117\004\075\004\070\004\117}{subsection.2.4}% 15
\BOOKMARK [2][-]{subsection.2.5}{\376\377\004\021\004\076\004\072\004\101\004\077\004\073\004\076\004\102\000\040\004\042\004\114\004\116\004\072\004\070}{section.2}% 16
\BOOKMARK [3][-]{subsubsection.2.5.1}{\376\377\004\036\004\077\004\100\004\065\004\064\004\065\004\073\004\065\004\075\004\070\004\065}{subsection.2.5}% 17
\BOOKMARK [3][-]{subsubsection.2.5.2}{\376\377\004\036\004\077\004\070\004\101\004\060\004\075\004\070\004\065}{subsection.2.5}% 18
\BOOKMARK [3][-]{subsubsection.2.5.3}{\376\377\004\037\004\076\004\101\004\102\004\100\004\076\004\065\004\075\004\070\004\065}{subsection.2.5}% 19
\BOOKMARK [2][-]{subsection.2.6}{\376\377\004\042\004\065\004\076\004\100\004\065\004\102\004\070\004\107\004\065\004\101\004\072\004\060\004\117\000\040\004\062\004\065\004\100\004\076\004\117\004\102\004\075\004\076\004\101\004\102\004\114\000\040\004\062\004\113\004\061\004\100\004\076\004\101\004\076\004\062}{section.2}% 20
\BOOKMARK [2][-]{subsection.2.7}{\376\377\004\055\004\074\004\077\004\070\004\100\004\070\004\107\004\065\004\101\004\072\004\060\004\117\000\040\004\104\004\103\004\075\004\072\004\106\004\070\004\117\000\040\004\100\004\060\004\101\004\077\004\100\004\065\004\064\004\065\004\073\004\065\004\075\004\070\004\117}{section.2}% 21
\BOOKMARK [3][-]{subsubsection.2.7.1}{\376\377\004\041\004\102\004\060\004\102\004\070\004\101\004\102\004\070\004\107\004\065\004\101\004\072\004\070\004\071\000\040\004\100\004\117\004\064}{subsection.2.7}% 22
\BOOKMARK [3][-]{subsubsection.2.7.2}{\376\377\004\036\004\077\004\100\004\065\004\064\004\065\004\073\004\065\004\075\004\070\004\065}{subsection.2.7}% 23
\BOOKMARK [3][-]{subsubsection.2.7.3}{\376\377\004\036\004\077\004\070\004\101\004\060\004\075\004\070\004\065}{subsection.2.7}% 24
\BOOKMARK [2][-]{subsection.2.8}{\376\377\004\036\004\106\004\065\004\075\004\072\004\070\000\040\004\077\004\073\004\076\004\102\004\075\004\076\004\101\004\102\004\070\000\040\004\062\004\065\004\100\004\076\004\117\004\102\004\075\004\076\004\101\004\102\004\070}{section.2}% 25
\BOOKMARK [3][-]{subsubsection.2.8.1}{\376\377\004\036\004\077\004\100\004\065\004\064\004\065\004\073\004\065\004\075\004\070\004\065}{subsection.2.8}% 26
\BOOKMARK [3][-]{subsubsection.2.8.2}{\376\377\004\057\004\064\004\065\004\100\004\075\004\113\004\065\000\040\004\076\004\106\004\065\004\075\004\072\004\070}{subsection.2.8}% 27
\BOOKMARK [1][-]{section.3}{\376\377\004\040\004\065\004\060\004\073\004\070\004\067\004\060\004\106\004\070\004\117}{}% 28
\BOOKMARK [1][-]{section.4}{\376\377\004\040\004\065\004\067\004\103\004\073\004\114\004\102\004\060\004\102\004\113}{}% 29
\BOOKMARK [2][-]{subsection.4.1}{\376\377\004\023\004\070\004\101\004\102\004\076\004\063\004\100\004\060\004\074\004\074\004\113\000\040\004\070\000\040\004\063\004\100\004\060\004\104\004\070\004\072\004\070\000\040\004\077\004\073\004\076\004\102\004\075\004\076\004\101\004\102\004\070\000\040\004\100\004\060\004\101\004\077\004\100\004\065\004\064\004\065\004\073\004\065\004\075\004\070\004\117}{section.4}% 30
\BOOKMARK [2][-]{subsection.4.2}{\376\377\004\045\004\060\004\100\004\060\004\072\004\102\004\065\004\100\004\070\004\101\004\102\004\070\004\072\004\070\000\040\004\077\004\076\004\073\004\076\004\066\004\065\004\075\004\070\004\117\000\040\004\070\000\040\004\100\004\060\004\101\004\101\004\065\004\117\004\075\004\070\004\117}{section.4}% 31
\BOOKMARK [2][-]{subsection.4.3}{\376\377\004\021\004\076\004\072\004\101\004\077\004\073\004\076\004\102\000\040\004\042\004\114\004\116\004\072\004\070}{section.4}% 32
\BOOKMARK [2][-]{subsection.4.4}{\376\377\004\024\004\076\004\073\004\117\000\040\004\062\004\113\004\061\004\100\004\076\004\101\004\076\004\062}{section.4}% 33
\BOOKMARK [2][-]{subsection.4.5}{\376\377\004\042\004\065\004\076\004\100\004\065\004\102\004\070\004\107\004\065\004\101\004\072\004\060\004\117\000\040\004\062\004\065\004\100\004\076\004\117\004\102\004\075\004\076\004\101\004\102\004\114\000\040\004\062\004\113\004\061\004\100\004\076\004\101\004\076\004\062}{section.4}% 34
\BOOKMARK [2][-]{subsection.4.6}{\376\377\004\055\004\074\004\077\004\070\004\100\004\070\004\107\004\065\004\101\004\072\004\060\004\117\000\040\004\104\004\103\004\075\004\072\004\106\004\070\004\117\000\040\004\100\004\060\004\101\004\077\004\100\004\065\004\064\004\065\004\073\004\065\004\075\004\070\004\117}{section.4}% 35
\BOOKMARK [2][-]{subsection.4.7}{\376\377\004\057\004\064\004\065\004\100\004\075\004\113\004\065\000\040\004\076\004\106\004\065\004\075\004\072\004\070\000\040\004\077\004\073\004\076\004\102\004\075\004\076\004\101\004\102\004\070\000\040\004\100\004\060\004\101\004\077\004\100\004\065\004\064\004\065\004\073\004\065\004\075\004\070\004\117}{section.4}% 36
\BOOKMARK [1][-]{section.5}{\376\377\004\036\004\061\004\101\004\103\004\066\004\064\004\065\004\075\004\070\004\065}{}% 37
\BOOKMARK [2][-]{subsection.5.1}{\376\377\004\023\004\070\004\101\004\102\004\076\004\063\004\100\004\060\004\074\004\074\004\060\000\040\004\070\000\040\004\063\004\100\004\060\004\104\004\070\004\072\000\040\004\077\004\073\004\076\004\102\004\075\004\076\004\101\004\102\004\070\000\040\004\100\004\060\004\101\004\077\004\100\004\065\004\064\004\065\004\073\004\065\004\075\004\070\004\117}{section.5}% 38
\BOOKMARK [2][-]{subsection.5.2}{\376\377\004\045\004\060\004\100\004\060\004\072\004\102\004\065\004\100\004\070\004\101\004\102\004\070\004\072\004\070\000\040\004\077\004\076\004\073\004\076\004\066\004\065\004\075\004\070\004\117\000\040\004\070\000\040\004\100\004\060\004\101\004\101\004\065\004\117\004\075\004\070\004\117}{section.5}% 39
\BOOKMARK [2][-]{subsection.5.3}{\376\377\004\021\004\076\004\072\004\101\004\077\004\073\004\076\004\102\000\040\004\042\004\114\004\116\004\072\004\070\000\040\004\070\000\040\004\064\004\076\004\073\004\117\000\040\004\062\004\113\004\061\004\100\004\076\004\101\004\076\004\062}{section.5}% 40
\BOOKMARK [2][-]{subsection.5.4}{\376\377\004\057\004\064\004\065\004\100\004\075\004\113\004\065\000\040\004\076\004\106\004\065\004\075\004\072\004\070\000\040\004\077\004\073\004\076\004\102\004\075\004\076\004\101\004\102\004\070\000\040\004\100\004\060\004\101\004\077\004\100\004\065\004\064\004\065\004\073\004\065\004\075\004\070\004\117}{section.5}% 41
\BOOKMARK [1][-]{section.6}{\376\377\004\037\004\100\004\070\004\073\004\076\004\066\004\065\004\075\004\070\004\117}{}% 42
